[11:06:30] [main/INFO] (FabricLoader) Loading for game Minecraft 1.17.1
[11:06:31] [main/INFO] (Fabric|Loader) [FabricLoader] Loading 49 mods:
	- blast@1.8-alpha
	- fabric@0.37.0+1.17
	- fabric-api-base@0.3.0+a02b446318
	- fabric-api-lookup-api-v1@1.2.0+2b5c62d018
	- fabric-biome-api-v1@3.1.11+c345aea818
	- fabric-blockrenderlayer-v1@1.1.5+a02b446318
	- fabric-command-api-v1@1.1.2+6cefd57718
	- fabric-commands-v0@0.2.2+92519afa18
	- fabric-containers-v0@0.1.12+a02b446318
	- fabric-content-registries-v0@0.2.2+a02b446318
	- fabric-crash-report-info-v1@0.1.5+be9da31018
	- fabric-dimensions-v1@2.0.11+6cefd57718
	- fabric-entity-events-v1@1.1.0+a02b446318
	- fabric-events-interaction-v0@0.4.9+a722d8c018
	- fabric-events-lifecycle-v0@0.2.1+92519afa18
	- fabric-game-rule-api-v1@1.0.7+6cefd57718
	- fabric-item-api-v1@1.2.4+a02b446318
	- fabric-item-groups-v0@0.2.10+b7ab612118
	- fabric-key-binding-api-v1@1.0.4+a02b446318
	- fabric-keybindings-v0@0.2.2+36b77c3e18
	- fabric-lifecycle-events-v1@1.4.4+a02b446318
	- fabric-loot-tables-v1@1.0.4+a02b446318
	- fabric-mining-levels-v0@0.1.3+92519afa18
	- fabric-models-v0@0.3.0+a02b446318
	- fabric-networking-api-v1@1.0.12+6cefd57718
	- fabric-networking-blockentity-v0@0.2.11+a02b446318
	- fabric-networking-v0@0.3.2+92519afa18
	- fabric-object-builder-api-v1@1.10.9+b7ab612118
	- fabric-object-builders-v0@0.7.3+a02b446318
	- fabric-particles-v1@0.2.4+a02b446318
	- fabric-registry-sync-v0@0.7.10+e2961fee18
	- fabric-renderer-api-v1@0.4.4+5f02c96918
	- fabric-renderer-indigo@0.4.8+a02b446318
	- fabric-renderer-registries-v1@3.2.0+a02b446318
	- fabric-rendering-data-attachment-v1@0.1.5+a02b446318
	- fabric-rendering-fluids-v1@0.1.13+a02b446318
	- fabric-rendering-v0@1.1.2+92519afa18
	- fabric-rendering-v1@1.6.0+a02b446318
	- fabric-resource-loader-v0@0.4.7+b7ab612118
	- fabric-screen-api-v1@1.0.4+155f865c18
	- fabric-screen-handler-api-v1@1.1.8+a02b446318
	- fabric-structure-api-v1@1.1.12+6cefd57718
	- fabric-tag-extensions-v0@1.1.4+a02b446318
	- fabric-textures-v0@1.0.6+a02b446318
	- fabric-tool-attribute-api-v1@1.2.12+b7ab612118
	- fabric-transfer-api-v1@1.0.0+3fe3c3f518
	- fabricloader@0.11.6
	- java@16
	- minecraft@1.17.1
[11:06:31] [main/INFO] (mixin) SpongePowered MIXIN Subsystem Version=0.8.2 Source=file:/C:/Users/docto/.gradle/caches/modules-2/files-2.1/net.fabricmc/sponge-mixin/0.9.4+mixin.0.8.2/ef410951e94c7f4939cc74c86f8df371827818a4/sponge-mixin-0.9.4+mixin.0.8.2.jar Service=Knot/Fabric Env=SERVER
[11:06:31] [main/INFO] (Fabric|MixinBootstrap) Loaded Fabric development mappings for mixin remapper!
[11:06:31] [main/INFO] (mixin) Compatibility level set to JAVA_16
[11:06:31] [main/WARN] (mixin) @Mixin target net/minecraft/server/world/ServerWorld$ServerEntityHandler is public in fabric-lifecycle-events-v1.mixins.json:ServerWorldEntityLoaderMixin and should be specified in value
[11:06:31] [main/WARN] (mixin) @Mixin target net/minecraft/server/network/ServerPlayNetworkHandler$1 is public in fabric-events-interaction-v0.mixins.json:MixinServerPlayNetworkHandler and should be specified in value
[11:06:31] [main/WARN] (mixin) @Mixin target net/minecraft/village/TradeOffers$TypeAwareBuyForOneEmeraldFactory is public in fabric-object-builder-v1.mixins.json:TypeAwareTradeMixin and should be specified in value
[11:06:31] [main/WARN] (mixin) @Mixin target net/minecraft/server/command/GameRuleCommand$1 is public in fabric-game-rule-api-v1.mixins.json:GameRuleCommandVisitorMixin and should be specified in value
[11:06:31] [main/WARN] (mixin) @Mixin target net/minecraft/server/world/ThreadedAnvilChunkStorage$EntityTracker is public in fabric-networking-api-v1.mixins.json:accessor.EntityTrackerAccessor and should be specified in value
[11:06:31] [main/WARN] (mixin) @Mixin target net/minecraft/data/server/AbstractTagProvider$ObjectBuilder is public in fabric-tag-extensions-v0.mixins.json:MixinObjectBuilder and should be specified in value
[11:06:31] [main/WARN] (mixin) @Mixin target net/minecraft/tag/RequiredTagList$TagWrapper is public in fabric-tag-extensions-v0.mixins.json:MixinTagImpl and should be specified in value
[11:06:32] [main/WARN] (FileUtil) Configuration conflict: there is more than one oshi.properties file on the classpath
[11:06:32] [main/WARN] (FileUtil) Configuration conflict: there is more than one oshi.architecture.properties file on the classpath
[11:06:36] [main/WARN] (mixin) @Inject(@At("INVOKE")) Shift.BY=3 on fabric-lifecycle-events-v1.mixins.json:server.WorldChunkMixin::handler$zzh000$onLoadBlockEntity exceeds the maximum allowed value: 0. Increase the value of maxShiftBy to suppress this warning.
[11:06:37] [main/INFO] (BiomeModificationImpl) Applied 0 biome modifications to 0 of 81 new biomes in 2.498 ms
[11:06:37] [main/ERROR] (Minecraft) Failed to load properties from file: server.properties
[11:06:37] [main/WARN] (Minecraft) Failed to load eula.txt
[11:06:37] [main/INFO] (Minecraft) You need to agree to the EULA in order to run the server. Go to eula.txt for more info.
